manifest-merger-release-report.txt
-- Merging decision tree log ---
manifest
ADDED from AndroidManifest.xml:2:1
	xmlns:android
		ADDED from AndroidManifest.xml:2:11
	package
		ADDED from AndroidManifest.xml:3:5
	android:versionName
		ADDED from AndroidManifest.xml:5:5
	android:versionCode
		ADDED from AndroidManifest.xml:4:5
		INJECTED from AndroidManifest.xml:0:0
		INJECTED from AndroidManifest.xml:0:0
uses-sdk
ADDED from AndroidManifest.xml:7:5
	android:targetSdkVersion
		ADDED from AndroidManifest.xml:9:9
	android:minSdkVersion
		ADDED from AndroidManifest.xml:8:9
uses-permission#android.permission.INTERNET
ADDED from AndroidManifest.xml:13:5
	android:name
		ADDED from AndroidManifest.xml:13:22
uses-permission#android.permission.ACCESS_NETWORK_STATE
ADDED from AndroidManifest.xml:15:5
	android:name
		ADDED from AndroidManifest.xml:15:22
uses-permission#android.permission.CHANGE_NETWORK_STATE
ADDED from AndroidManifest.xml:17:5
	android:name
		ADDED from AndroidManifest.xml:17:22
uses-permission#android.permission.ACCESS_WIFI_STATE
ADDED from AndroidManifest.xml:19:5
	android:name
		ADDED from AndroidManifest.xml:19:22
uses-permission#android.permission.CHANGE_WIFI_STATE
ADDED from AndroidManifest.xml:21:5
	android:name
		ADDED from AndroidManifest.xml:21:22
permission#com.asiainfo.mealorder.permission.JPUSH_MESSAGE
ADDED from AndroidManifest.xml:24:5
	android:protectionLevel
		ADDED from AndroidManifest.xml:24:82
	android:name
		ADDED from AndroidManifest.xml:24:18
uses-permission#android.permission.RECEIVE_BOOT_COMPLETED
ADDED from AndroidManifest.xml:26:5
	android:name
		ADDED from AndroidManifest.xml:26:22
uses-permission#android.permission.ACCESS_DOWNLOAD_MANAGER
ADDED from AndroidManifest.xml:28:5
	android:name
		ADDED from AndroidManifest.xml:28:22
uses-permission#android.permission.DOWNLOAD_WITHOUT_NOTIFICATION
ADDED from AndroidManifest.xml:30:5
	android:name
		ADDED from AndroidManifest.xml:30:22
uses-permission#android.permission.DISABLE_KEYGUARD
ADDED from AndroidManifest.xml:32:5
	android:name
		ADDED from AndroidManifest.xml:32:22
uses-permission#com.asiainfo.mealorder.permission.JPUSH_MESSAGE
ADDED from AndroidManifest.xml:35:5
	android:name
		ADDED from AndroidManifest.xml:35:22
uses-permission#android.permission.RECEIVE_USER_PRESENT
ADDED from AndroidManifest.xml:37:5
	android:name
		ADDED from AndroidManifest.xml:37:22
uses-permission#android.permission.WAKE_LOCK
ADDED from AndroidManifest.xml:39:5
	android:name
		ADDED from AndroidManifest.xml:39:22
uses-permission#android.permission.READ_PHONE_STATE
ADDED from AndroidManifest.xml:41:5
	android:name
		ADDED from AndroidManifest.xml:41:22
uses-permission#android.permission.MOUNT_UNMOUNT_FILESYSTEMS
ADDED from AndroidManifest.xml:43:5
	android:name
		ADDED from AndroidManifest.xml:43:22
uses-permission#android.permission.SYSTEM_ALERT_WINDOW
ADDED from AndroidManifest.xml:45:5
	android:name
		ADDED from AndroidManifest.xml:45:22
uses-permission#android.permission.VIBRATE
ADDED from AndroidManifest.xml:47:5
	android:name
		ADDED from AndroidManifest.xml:47:22
uses-permission#android.permission.WRITE_EXTERNAL_STORAGE
ADDED from AndroidManifest.xml:49:5
	android:name
		ADDED from AndroidManifest.xml:49:22
uses-permission#android.permission.READ_EXTERNAL_STORAGE
ADDED from AndroidManifest.xml:50:5
	android:name
		ADDED from AndroidManifest.xml:50:22
uses-permission#android.permission.WRITE_SETTINGS
ADDED from AndroidManifest.xml:52:5
	android:name
		ADDED from AndroidManifest.xml:52:22
uses-permission#android.permission.CLEAR_APP_CACHE
ADDED from AndroidManifest.xml:54:5
	android:name
		ADDED from AndroidManifest.xml:54:22
uses-permission#android.permission.GET_TASKS
ADDED from AndroidManifest.xml:56:5
	android:name
		ADDED from AndroidManifest.xml:56:22
uses-permission#android.permission.ACCESS_COARSE_LOCATION
ADDED from AndroidManifest.xml:60:5
	android:name
		ADDED from AndroidManifest.xml:60:22
uses-permission#android.permission.ACCESS_FINE_LOCATION
ADDED from AndroidManifest.xml:62:5
	android:name
		ADDED from AndroidManifest.xml:62:22
uses-permission#android.permission.ACCESS_LOCATION_EXTRA_COMMANDS
ADDED from AndroidManifest.xml:64:5
	android:name
		ADDED from AndroidManifest.xml:64:22
application
ADDED from AndroidManifest.xml:66:5
	android:label
		ADDED from AndroidManifest.xml:70:9
	android:allowBackup
		ADDED from AndroidManifest.xml:68:9
	android:icon
		ADDED from AndroidManifest.xml:69:9
	android:theme
		ADDED from AndroidManifest.xml:71:9
	android:name
		ADDED from AndroidManifest.xml:67:9
activity#com.asiainfo.mealorder.LaunchActivity
ADDED from AndroidManifest.xml:72:9
	android:screenOrientation
		ADDED from AndroidManifest.xml:76:13
	android:label
		ADDED from AndroidManifest.xml:74:13
	android:theme
		ADDED from AndroidManifest.xml:75:13
	android:name
		ADDED from AndroidManifest.xml:73:13
intent-filter#android.intent.action.MAIN+android.intent.category.LAUNCHER
ADDED from AndroidManifest.xml:77:13
action#android.intent.action.MAIN
ADDED from AndroidManifest.xml:78:17
	android:name
		ADDED from AndroidManifest.xml:78:25
category#android.intent.category.LAUNCHER
ADDED from AndroidManifest.xml:79:17
	android:name
		ADDED from AndroidManifest.xml:79:27
activity#com.asiainfo.mealorder.ui.LoginActivity
ADDED from AndroidManifest.xml:82:9
	android:screenOrientation
		ADDED from AndroidManifest.xml:85:13
	android:label
		ADDED from AndroidManifest.xml:84:13
	android:name
		ADDED from AndroidManifest.xml:83:13
activity#com.asiainfo.mealorder.ui.ChooseDeskActivity
ADDED from AndroidManifest.xml:88:9
	android:screenOrientation
		ADDED from AndroidManifest.xml:92:13
	android:label
		ADDED from AndroidManifest.xml:90:13
	android:name
		ADDED from AndroidManifest.xml:89:13
	android:launchMode
		ADDED from AndroidManifest.xml:91:13
activity#com.asiainfo.mealorder.ui.LocalOrderActivity
ADDED from AndroidManifest.xml:94:9
	android:screenOrientation
		ADDED from AndroidManifest.xml:98:13
	android:label
		ADDED from AndroidManifest.xml:96:13
	android:name
		ADDED from AndroidManifest.xml:95:13
	android:launchMode
		ADDED from AndroidManifest.xml:97:13
activity#com.asiainfo.mealorder.ui.ViewOrderDishesActivity
ADDED from AndroidManifest.xml:100:9
	android:screenOrientation
		ADDED from AndroidManifest.xml:104:13
	android:label
		ADDED from AndroidManifest.xml:102:13
	android:theme
		ADDED from AndroidManifest.xml:105:13
	android:name
		ADDED from AndroidManifest.xml:101:13
	android:launchMode
		ADDED from AndroidManifest.xml:103:13
activity#com.asiainfo.mealorder.ui.MakeOrderActivity
ADDED from AndroidManifest.xml:108:9
	android:screenOrientation
		ADDED from AndroidManifest.xml:112:13
	android:label
		ADDED from AndroidManifest.xml:110:13
	android:name
		ADDED from AndroidManifest.xml:109:13
	android:launchMode
		ADDED from AndroidManifest.xml:111:13
activity#com.asiainfo.mealorder.ui.DishSetCompActivity
ADDED from AndroidManifest.xml:114:9
	android:screenOrientation
		ADDED from AndroidManifest.xml:118:13
	android:label
		ADDED from AndroidManifest.xml:116:13
	android:name
		ADDED from AndroidManifest.xml:115:13
	android:launchMode
		ADDED from AndroidManifest.xml:117:14
activity#com.asiainfo.mealorder.ui.ConfirmOrderActivity
ADDED from AndroidManifest.xml:120:9
	android:screenOrientation
		ADDED from AndroidManifest.xml:124:13
	android:label
		ADDED from AndroidManifest.xml:122:13
	android:name
		ADDED from AndroidManifest.xml:121:13
	android:launchMode
		ADDED from AndroidManifest.xml:123:14
activity#com.asiainfo.mealorder.ui.SearchDishesActivity
ADDED from AndroidManifest.xml:126:9
	android:screenOrientation
		ADDED from AndroidManifest.xml:130:13
	android:label
		ADDED from AndroidManifest.xml:128:13
	android:name
		ADDED from AndroidManifest.xml:127:13
	android:launchMode
		ADDED from AndroidManifest.xml:129:14
service#com.asiainfo.mealorder.utils.DownloadService
ADDED from AndroidManifest.xml:133:9
	android:exported
		ADDED from AndroidManifest.xml:135:13
	android:name
		ADDED from AndroidManifest.xml:134:13
activity#cn.jpush.android.ui.PushActivity
ADDED from AndroidManifest.xml:138:9
	android:configChanges
		ADDED from AndroidManifest.xml:140:13
	android:exported
		ADDED from AndroidManifest.xml:141:13
	android:name
		ADDED from AndroidManifest.xml:139:13
intent-filter#android.intent.category.DEFAULT+cn.jpush.android.ui.PushActivity+com.asiainfo.mealorder
ADDED from AndroidManifest.xml:142:13
action#cn.jpush.android.ui.PushActivity
ADDED from AndroidManifest.xml:143:17
	android:name
		ADDED from AndroidManifest.xml:143:25
category#android.intent.category.DEFAULT
ADDED from AndroidManifest.xml:144:17
	android:name
		ADDED from AndroidManifest.xml:144:27
category#com.asiainfo.mealorder
ADDED from AndroidManifest.xml:145:17
	android:name
		ADDED from AndroidManifest.xml:145:27
service#cn.jpush.android.service.DownloadService
ADDED from AndroidManifest.xml:149:9
	android:exported
		ADDED from AndroidManifest.xml:152:13
	android:enabled
		ADDED from AndroidManifest.xml:151:13
	android:name
		ADDED from AndroidManifest.xml:150:13
service#cn.jpush.android.service.PushService
ADDED from AndroidManifest.xml:156:9
	android:exported
		ADDED from AndroidManifest.xml:159:13
	android:enabled
		ADDED from AndroidManifest.xml:158:13
	android:name
		ADDED from AndroidManifest.xml:157:13
intent-filter#cn.jpush.android.intent.PUSH_TIME+cn.jpush.android.intent.PushService+cn.jpush.android.intent.REGISTER+cn.jpush.android.intent.REPORT
ADDED from AndroidManifest.xml:160:13
action#cn.jpush.android.intent.REGISTER
ADDED from AndroidManifest.xml:161:17
	android:name
		ADDED from AndroidManifest.xml:161:25
action#cn.jpush.android.intent.REPORT
ADDED from AndroidManifest.xml:162:17
	android:name
		ADDED from AndroidManifest.xml:162:25
action#cn.jpush.android.intent.PushService
ADDED from AndroidManifest.xml:163:17
	android:name
		ADDED from AndroidManifest.xml:163:25
action#cn.jpush.android.intent.PUSH_TIME
ADDED from AndroidManifest.xml:164:17
	android:name
		ADDED from AndroidManifest.xml:164:25
service#cn.jpush.android.service.DaemonService
ADDED from AndroidManifest.xml:169:9
	android:exported
		ADDED from AndroidManifest.xml:172:13
	android:enabled
		ADDED from AndroidManifest.xml:171:13
	android:name
		ADDED from AndroidManifest.xml:170:13
intent-filter#cn.jpush.android.intent.DaemonService+com.asiainfo.mealorder
ADDED from AndroidManifest.xml:173:13
action#cn.jpush.android.intent.DaemonService
ADDED from AndroidManifest.xml:174:17
	android:name
		ADDED from AndroidManifest.xml:174:25
receiver#cn.jpush.android.service.PushReceiver
ADDED from AndroidManifest.xml:180:9
	android:exported
		ADDED from AndroidManifest.xml:183:13
	android:enabled
		ADDED from AndroidManifest.xml:182:13
	android:name
		ADDED from AndroidManifest.xml:181:13
intent-filter#cn.jpush.android.intent.NOTIFICATION_RECEIVED_PROXY+com.asiainfo.mealorder
ADDED from AndroidManifest.xml:184:14
	android:priority
		ADDED from AndroidManifest.xml:184:29
action#cn.jpush.android.intent.NOTIFICATION_RECEIVED_PROXY
ADDED from AndroidManifest.xml:185:17
	android:name
		ADDED from AndroidManifest.xml:185:25
intent-filter#android.intent.action.USER_PRESENT+android.net.conn.CONNECTIVITY_CHANGE
ADDED from AndroidManifest.xml:188:13
action#android.intent.action.USER_PRESENT
ADDED from AndroidManifest.xml:189:17
	android:name
		ADDED from AndroidManifest.xml:189:25
action#android.net.conn.CONNECTIVITY_CHANGE
ADDED from AndroidManifest.xml:190:17
	android:name
		ADDED from AndroidManifest.xml:190:25
intent-filter#android.intent.action.PACKAGE_ADDED+android.intent.action.PACKAGE_REMOVED
ADDED from AndroidManifest.xml:193:13
action#android.intent.action.PACKAGE_ADDED
ADDED from AndroidManifest.xml:194:17
	android:name
		ADDED from AndroidManifest.xml:194:25
action#android.intent.action.PACKAGE_REMOVED
ADDED from AndroidManifest.xml:195:17
	android:name
		ADDED from AndroidManifest.xml:195:25
data
ADDED from AndroidManifest.xml:196:17
	android:scheme
		ADDED from AndroidManifest.xml:196:23
receiver#cn.jpush.android.service.AlarmReceiver
ADDED from AndroidManifest.xml:201:9
	android:name
		ADDED from AndroidManifest.xml:201:19
receiver#com.asiainfo.mealorder.receiver.JPushReceiver
ADDED from AndroidManifest.xml:204:9
	android:name
		ADDED from AndroidManifest.xml:205:13
intent-filter#cn.jpush.android.intent.ACTION_RICHPUSH_CALLBACK+cn.jpush.android.intent.CONNECTION+cn.jpush.android.intent.MESSAGE_RECEIVED+cn.jpush.android.intent.NOTIFICATION_OPENED+cn.jpush.android.intent.NOTIFICATION_RECEIVED+cn.jpush.android.intent.REGISTRATION+cn.jpush.android.intent.UNREGISTRATION+com.asiainfo.mealorder
ADDED from AndroidManifest.xml:206:13
action#cn.jpush.android.intent.REGISTRATION
ADDED from AndroidManifest.xml:207:17
	android:name
		ADDED from AndroidManifest.xml:207:25
action#cn.jpush.android.intent.UNREGISTRATION
ADDED from AndroidManifest.xml:208:17
	android:name
		ADDED from AndroidManifest.xml:208:25
action#cn.jpush.android.intent.MESSAGE_RECEIVED
ADDED from AndroidManifest.xml:209:17
	android:name
		ADDED from AndroidManifest.xml:209:25
action#cn.jpush.android.intent.NOTIFICATION_RECEIVED
ADDED from AndroidManifest.xml:210:17
	android:name
		ADDED from AndroidManifest.xml:210:25
action#cn.jpush.android.intent.NOTIFICATION_OPENED
ADDED from AndroidManifest.xml:211:17
	android:name
		ADDED from AndroidManifest.xml:211:25
action#cn.jpush.android.intent.ACTION_RICHPUSH_CALLBACK
ADDED from AndroidManifest.xml:212:17
	android:name
		ADDED from AndroidManifest.xml:212:25
action#cn.jpush.android.intent.CONNECTION
ADDED from AndroidManifest.xml:213:17
	android:name
		ADDED from AndroidManifest.xml:213:25
meta-data#JPUSH_CHANNEL
ADDED from AndroidManifest.xml:219:9
	android:name
		ADDED from AndroidManifest.xml:219:20
	android:value
		ADDED from AndroidManifest.xml:219:49
meta-data#JPUSH_APPKEY
ADDED from AndroidManifest.xml:220:9
	android:name
		ADDED from AndroidManifest.xml:220:20
	android:value
		ADDED from AndroidManifest.xml:220:48